20 Messages Loaded
Asserts file unavailable
User program list:
	Program [programWhichDoesNotExist] with arrival time [0]
	Program [programInvalidPriority] with arrival time [0]
	Program [programInvalidSize] with arrival time [0]
	Program [programTooBig] with arrival time [0]
	Program [programWithTooManyInstructions] with arrival time [0]
	Program [programMEMADD] with arrival time [0]
	Program [newProgramVerySimple] with arrival time [0]
Process [0] created from program [SystemIdleProcess]
ERROR: Program [programWhichDoesNotExist] is not valid [--- it does not exists ---]
Process [1] created from program [programInvalidPriority]
ERROR: Program [programInvalidSize] is not valid [--- invalid priority or size ---]
ERROR: Program [programTooBig] is too big
ERROR: Program [programWithTooManyInstructions] is not valid [--- invalid priority or size ---]
Process [2] created from program [programMEMADD]
Process [3] created from program [newProgramVerySimple]
New Tick (1)
y 0 0 (PC: 0, Accumulator: 0, PSW: 2 [--------------Z-])
New Tick (2)
a 0 0 (PC: 1, Accumulator: 0, PSW: 2 [--------------Z-])
New Tick (3)
m 1 33 (PC: 2, Accumulator: 2, PSW: 0 [----------------])
New Tick (4)
w 33 0 (PC: 3, Accumulator: 2, PSW: 0 [----------------])
New Tick (5)
i -7 0 (PC: 4, Accumulator: -5, PSW: 4 [-------------N--])
New Tick (6)
z 2 0 (PC: 5, Accumulator: -5, PSW: 4 [-------------N--])
New Tick (7)
j -4 0 (PC: 1, Accumulator: -5, PSW: 4 [-------------N--])
New Tick (8)
m 1 33 (PC: 2, Accumulator: 2, PSW: 0 [----------------])
New Tick (9)
w 33 0 (PC: 3, Accumulator: 2, PSW: 0 [----------------])
New Tick (10)
i -7 0 (PC: 4, Accumulator: -5, PSW: 4 [-------------N--])
New Tick (11)
z 2 0 (PC: 5, Accumulator: -5, PSW: 4 [-------------N--])
New Tick (12)
j -4 0 (PC: 1, Accumulator: -5, PSW: 4 [-------------N--])
New Tick (13)
m 1 33 (PC: 2, Accumulator: 2, PSW: 0 [----------------])
New Tick (14)
w 33 0 (PC: 3, Accumulator: 2, PSW: 0 [----------------])
New Tick (15)
i -7 0 (PC: 4, Accumulator: -5, PSW: 4 [-------------N--])
New Tick (16)
z 2 0 (PC: 5, Accumulator: -5, PSW: 4 [-------------N--])
New Tick (17)
j -4 0 (PC: 1, Accumulator: -5, PSW: 4 [-------------N--])
New Tick (18)
m 1 33 (PC: 2, Accumulator: 2, PSW: 0 [----------------])
New Tick (19)
w 33 0 (PC: 3, Accumulator: 2, PSW: 0 [----------------])
New Tick (20)
i -7 0 (PC: 4, Accumulator: -5, PSW: 4 [-------------N--])
New Tick (21)
z 2 0 (PC: 5, Accumulator: -5, PSW: 4 [-------------N--])
New Tick (22)
j -4 0 (PC: 1, Accumulator: -5, PSW: 4 [-------------N--])
New Tick (23)
m 1 33 (PC: 2, Accumulator: 2, PSW: 0 [----------------])
New Tick (24)
w 33 0 (PC: 3, Accumulator: 2, PSW: 0 [----------------])
New Tick (25)
i -7 0 (PC: 4, Accumulator: -5, PSW: 4 [-------------N--])
New Tick (26)
z 2 0 (PC: 5, Accumulator: -5, PSW: 4 [-------------N--])
New Tick (27)
j -4 0 (PC: 1, Accumulator: -5, PSW: 4 [-------------N--])
New Tick (28)
m 1 33 (PC: 2, Accumulator: 2, PSW: 0 [----------------])
New Tick (29)
w 33 0 (PC: 3, Accumulator: 2, PSW: 0 [----------------])
New Tick (30)
i -7 0 (PC: 4, Accumulator: -5, PSW: 4 [-------------N--])
New Tick (31)
z 2 0 (PC: 5, Accumulator: -5, PSW: 4 [-------------N--])
New Tick (32)
j -4 0 (PC: 1, Accumulator: -5, PSW: 4 [-------------N--])
New Tick (33)
m 1 33 (PC: 2, Accumulator: 2, PSW: 0 [----------------])
New Tick (34)
w 33 0 (PC: 3, Accumulator: 2, PSW: 0 [----------------])
New Tick (35)
i -7 0 (PC: 4, Accumulator: -5, PSW: 4 [-------------N--])
New Tick (36)
z 2 0 (PC: 5, Accumulator: -5, PSW: 4 [-------------N--])
New Tick (37)
j -4 0 (PC: 1, Accumulator: -5, PSW: 4 [-------------N--])
New Tick (38)
m 1 33 (PC: 2, Accumulator: 2, PSW: 0 [----------------])
New Tick (39)
w 33 0 (PC: 3, Accumulator: 2, PSW: 0 [----------------])
New Tick (40)
i -7 0 (PC: 4, Accumulator: -5, PSW: 4 [-------------N--])
New Tick (41)
z 2 0 (PC: 5, Accumulator: -5, PSW: 4 [-------------N--])
New Tick (42)
j -4 0 (PC: 1, Accumulator: -5, PSW: 4 [-------------N--])
New Tick (43)
m 1 33 (PC: 2, Accumulator: 2, PSW: 0 [----------------])
New Tick (44)
w 33 0 (PC: 3, Accumulator: 2, PSW: 0 [----------------])
New Tick (45)
i -7 0 (PC: 4, Accumulator: -5, PSW: 4 [-------------N--])
New Tick (46)
z 2 0 (PC: 5, Accumulator: -5, PSW: 4 [-------------N--])
New Tick (47)
j -4 0 (PC: 1, Accumulator: -5, PSW: 4 [-------------N--])
New Tick (48)
m 1 33 (PC: 2, Accumulator: 2, PSW: 0 [----------------])
New Tick (49)
w 33 0 (PC: 3, Accumulator: 2, PSW: 0 [----------------])
New Tick (50)
i -7 0 (PC: 4, Accumulator: -5, PSW: 4 [-------------N--])
New Tick (51)
z 2 0 (PC: 5, Accumulator: -5, PSW: 4 [-------------N--])
New Tick (52)
j -4 0 (PC: 1, Accumulator: -5, PSW: 4 [-------------N--])
New Tick (53)
m 1 33 (PC: 2, Accumulator: 2, PSW: 0 [----------------])
New Tick (54)
w 33 0 (PC: 3, Accumulator: 2, PSW: 0 [----------------])
New Tick (55)
i -7 0 (PC: 4, Accumulator: -5, PSW: 4 [-------------N--])
New Tick (56)
z 2 0 (PC: 5, Accumulator: -5, PSW: 4 [-------------N--])
New Tick (57)
j -4 0 (PC: 1, Accumulator: -5, PSW: 4 [-------------N--])
New Tick (58)
m 1 33 (PC: 2, Accumulator: 2, PSW: 0 [----------------])
New Tick (59)
w 33 0 (PC: 3, Accumulator: 2, PSW: 0 [----------------])
New Tick (60)
i -7 0 (PC: 4, Accumulator: -5, PSW: 4 [-------------N--])
New Tick (61)
z 2 0 (PC: 5, Accumulator: -5, PSW: 4 [-------------N--])
New Tick (62)
j -4 0 (PC: 1, Accumulator: -5, PSW: 4 [-------------N--])
New Tick (63)
m 1 33 (PC: 2, Accumulator: 2, PSW: 0 [----------------])
New Tick (64)
w 33 0 (PC: 3, Accumulator: 2, PSW: 0 [----------------])
New Tick (65)
i -7 0 (PC: 4, Accumulator: -5, PSW: 4 [-------------N--])
New Tick (66)
z 2 0 (PC: 5, Accumulator: -5, PSW: 4 [-------------N--])
New Tick (67)
j -4 0 (PC: 1, Accumulator: -5, PSW: 4 [-------------N--])
New Tick (68)
m 1 33 (PC: 2, Accumulator: 2, PSW: 0 [----------------])
New Tick (69)
w 33 0 (PC: 3, Accumulator: 2, PSW: 0 [----------------])
New Tick (70)
i -7 0 (PC: 4, Accumulator: -5, PSW: 4 [-------------N--])
New Tick (71)
z 2 0 (PC: 5, Accumulator: -5, PSW: 4 [-------------N--])
New Tick (72)
j -4 0 (PC: 1, Accumulator: -5, PSW: 4 [-------------N--])
New Tick (73)
m 1 33 (PC: 2, Accumulator: 2, PSW: 0 [----------------])
New Tick (74)
w 33 0 (PC: 3, Accumulator: 2, PSW: 0 [----------------])
New Tick (75)
i -7 0 (PC: 4, Accumulator: -5, PSW: 4 [-------------N--])
New Tick (76)
z 2 0 (PC: 5, Accumulator: -5, PSW: 4 [-------------N--])
New Tick (77)
j -4 0 (PC: 1, Accumulator: -5, PSW: 4 [-------------N--])
New Tick (78)
m 1 33 (PC: 2, Accumulator: 2, PSW: 0 [----------------])
New Tick (79)
w 33 0 (PC: 3, Accumulator: 2, PSW: 0 [----------------])
New Tick (80)
i -7 0 (PC: 4, Accumulator: -5, PSW: 4 [-------------N--])
New Tick (81)
z 2 0 (PC: 5, Accumulator: -5, PSW: 4 [-------------N--])
New Tick (82)
j -4 0 (PC: 1, Accumulator: -5, PSW: 4 [-------------N--])
New Tick (83)
m 1 33 (PC: 2, Accumulator: 2, PSW: 0 [----------------])
New Tick (84)
w 33 0 (PC: 3, Accumulator: 2, PSW: 0 [----------------])
New Tick (85)
i -7 0 (PC: 4, Accumulator: -5, PSW: 4 [-------------N--])
New Tick (86)
z 2 0 (PC: 5, Accumulator: -5, PSW: 4 [-------------N--])
New Tick (87)
j -4 0 (PC: 1, Accumulator: -5, PSW: 4 [-------------N--])
New Tick (88)
m 1 33 (PC: 2, Accumulator: 2, PSW: 0 [----------------])
New Tick (89)
w 33 0 (PC: 3, Accumulator: 2, PSW: 0 [----------------])
New Tick (90)
i -7 0 (PC: 4, Accumulator: -5, PSW: 4 [-------------N--])
New Tick (91)
z 2 0 (PC: 5, Accumulator: -5, PSW: 4 [-------------N--])
